# JRE version: OpenJDK Runtime Environment (11.0.10) (build 11.0.10+0-b96-7249189)
# Java VM: OpenJDK 64-Bit Server VM (11.0.10+0-b96-7249189, mixed mode, tiered, compressed oops, g1 gc, windows-amd64)
Heap:
 garbage-first heap   total 416768K, used 232491K [0x0000000080000000, 0x0000000100000000)
  region size 1024K, 15 young (15360K), 15 survivors (15360K)
 Metaspace       used 422549K, capacity 430013K, committed 430336K, reserved 1441792K
  class space    used 47663K, capacity 50313K, committed 50432K, reserved 1048576K
GC Heap History (20 events):
Event: 41552.372 GC heap before
{Heap before GC invocations=652 (full 0):
 garbage-first heap   total 416768K, used 359870K [0x0000000080000000, 0x0000000100000000)
  region size 1024K, 90 young (92160K), 6 survivors (6144K)
 Metaspace       used 411538K, capacity 418815K, committed 419456K, reserved 1419264K
  class space    used 46533K, capacity 49125K, committed 49280K, reserved 1048576K
}
Event: 41552.381 GC heap after
{Heap after GC invocations=653 (full 0):
 garbage-first heap   total 416768K, used 219203K [0x0000000080000000, 0x0000000100000000)
  region size 1024K, 8 young (8192K), 8 survivors (8192K)
 Metaspace       used 411538K, capacity 418815K, committed 419456K, reserved 1419264K
  class space    used 46533K, capacity 49125K, committed 49280K, reserved 1048576K
}
Event: 41552.494 GC heap before
{Heap before GC invocations=653 (full 0):
 garbage-first heap   total 416768K, used 231491K [0x0000000080000000, 0x0000000100000000)
  region size 1024K, 20 young (20480K), 8 survivors (8192K)
 Metaspace       used 411538K, capacity 418815K, committed 419456K, reserved 1419264K
  class space    used 46533K, capacity 49125K, committed 49280K, reserved 1048576K
}
Event: 41552.533 GC heap after
{Heap after GC invocations=654 (full 0):
 garbage-first heap   total 416768K, used 200641K [0x0000000080000000, 0x0000000100000000)
  region size 1024K, 2 young (2048K), 2 survivors (2048K)
 Metaspace       used 411538K, capacity 418815K, committed 419456K, reserved 1419264K
  class space    used 46533K, capacity 49125K, committed 49280K, reserved 1048576K
}
Event: 41552.725 GC heap before
{Heap before GC invocations=654 (full 0):
 garbage-first heap   total 416768K, used 214977K [0x0000000080000000, 0x0000000100000000)
  region size 1024K, 17 young (17408K), 2 survivors (2048K)
 Metaspace       used 411605K, capacity 418935K, committed 419456K, reserved 1419264K
  class space    used 46545K, capacity 49165K, committed 49280K, reserved 1048576K
}
Event: 41552.737 GC heap after
{Heap after GC invocations=655 (full 0):
 garbage-first heap   total 416768K, used 203984K [0x0000000080000000, 0x0000000100000000)
  region size 1024K, 6 young (6144K), 6 survivors (6144K)
 Metaspace       used 411605K, capacity 418935K, committed 419456K, reserved 1419264K
  class space    used 46545K, capacity 49165K, committed 49280K, reserved 1048576K
}
Event: 41553.660 GC heap before
{Heap before GC invocations=656 (full 0):
 garbage-first heap   total 416768K, used 301264K [0x0000000080000000, 0x0000000100000000)
  region size 1024K, 100 young (102400K), 6 survivors (6144K)
 Metaspace       used 418960K, capacity 426287K, committed 426752K, reserved 1425408K
  class space    used 47358K, capacity 49971K, committed 50176K, reserved 1048576K
}
Event: 41553.675 GC heap after
{Heap after GC invocations=657 (full 0):
 garbage-first heap   total 416768K, used 218856K [0x0000000080000000, 0x0000000100000000)
  region size 1024K, 13 young (13312K), 13 survivors (13312K)
 Metaspace       used 418960K, capacity 426287K, committed 426752K, reserved 1425408K
  class space    used 47358K, capacity 49971K, committed 50176K, reserved 1048576K
}
Event: 41553.733 GC heap before
{Heap before GC invocations=657 (full 0):
 garbage-first heap   total 416768K, used 225000K [0x0000000080000000, 0x0000000100000000)
  region size 1024K, 20 young (20480K), 13 survivors (13312K)
 Metaspace       used 419489K, capacity 426834K, committed 427264K, reserved 1427456K
  class space    used 47404K, capacity 50004K, committed 50176K, reserved 1048576K
}
Event: 41553.752 GC heap after
{Heap after GC invocations=658 (full 0):
 garbage-first heap   total 416768K, used 206732K [0x0000000080000000, 0x0000000100000000)
  region size 1024K, 2 young (2048K), 2 survivors (2048K)
 Metaspace       used 419489K, capacity 426834K, committed 427264K, reserved 1427456K
  class space    used 47404K, capacity 50004K, committed 50176K, reserved 1048576K
}
Event: 41554.111 GC heap before
{Heap before GC invocations=658 (full 0):
 garbage-first heap   total 416768K, used 306060K [0x0000000080000000, 0x0000000100000000)
  region size 1024K, 99 young (101376K), 2 survivors (2048K)
 Metaspace       used 419702K, capacity 427076K, committed 427520K, reserved 1427456K
  class space    used 47425K, capacity 50042K, committed 50176K, reserved 1048576K
}
Event: 41554.120 GC heap after
{Heap after GC invocations=659 (full 0):
 garbage-first heap   total 416768K, used 210466K [0x0000000080000000, 0x0000000100000000)
  region size 1024K, 6 young (6144K), 6 survivors (6144K)
 Metaspace       used 419702K, capacity 427076K, committed 427520K, reserved 1427456K
  class space    used 47425K, capacity 50042K, committed 50176K, reserved 1048576K
}
Event: 41618.207 GC heap before
{Heap before GC invocations=660 (full 0):
 garbage-first heap   total 416768K, used 368162K [0x0000000080000000, 0x0000000100000000)
  region size 1024K, 109 young (111616K), 6 survivors (6144K)
 Metaspace       used 419722K, capacity 427082K, committed 427520K, reserved 1427456K
  class space    used 47425K, capacity 50043K, committed 50176K, reserved 1048576K
}
Event: 41618.219 GC heap after
{Heap after GC invocations=661 (full 0):
 garbage-first heap   total 416768K, used 213899K [0x0000000080000000, 0x0000000100000000)
  region size 1024K, 9 young (9216K), 9 survivors (9216K)
 Metaspace       used 419722K, capacity 427082K, committed 427520K, reserved 1427456K
  class space    used 47425K, capacity 50043K, committed 50176K, reserved 1048576K
}
Event: 41618.270 GC heap before
{Heap before GC invocations=661 (full 0):
 garbage-first heap   total 416768K, used 225163K [0x0000000080000000, 0x0000000100000000)
  region size 1024K, 20 young (20480K), 9 survivors (9216K)
 Metaspace       used 419736K, capacity 427164K, committed 427520K, reserved 1427456K
  class space    used 47427K, capacity 50046K, committed 50176K, reserved 1048576K
}
Event: 41618.281 GC heap after
{Heap after GC invocations=662 (full 0):
 garbage-first heap   total 416768K, used 214827K [0x0000000080000000, 0x0000000100000000)
  region size 1024K, 3 young (3072K), 3 survivors (3072K)
 Metaspace       used 419736K, capacity 427164K, committed 427520K, reserved 1427456K
  class space    used 47427K, capacity 50046K, committed 50176K, reserved 1048576K
}
Event: 41618.607 GC heap before
{Heap before GC invocations=662 (full 0):
 garbage-first heap   total 416768K, used 263979K [0x0000000080000000, 0x0000000100000000)
  region size 1024K, 53 young (54272K), 3 survivors (3072K)
 Metaspace       used 419802K, capacity 427284K, committed 427776K, reserved 1427456K
  class space    used 47439K, capacity 50086K, committed 50176K, reserved 1048576K
}
Event: 41618.629 GC heap after
{Heap after GC invocations=663 (full 0):
 garbage-first heap   total 416768K, used 221474K [0x0000000080000000, 0x0000000100000000)
  region size 1024K, 9 young (9216K), 9 survivors (9216K)
 Metaspace       used 419802K, capacity 427284K, committed 427776K, reserved 1427456K
  class space    used 47439K, capacity 50086K, committed 50176K, reserved 1048576K
}
Event: 41619.298 GC heap before
{Heap before GC invocations=664 (full 0):
 garbage-first heap   total 416768K, used 283938K [0x0000000080000000, 0x0000000100000000)
  region size 1024K, 72 young (73728K), 9 survivors (9216K)
 Metaspace       used 422549K, capacity 430013K, committed 430336K, reserved 1439744K
  class space    used 47663K, capacity 50313K, committed 50432K, reserved 1048576K
}
Event: 41619.313 GC heap after
{Heap after GC invocations=665 (full 0):
 garbage-first heap   total 416768K, used 232491K [0x0000000080000000, 0x0000000100000000)
  region size 1024K, 15 young (15360K), 15 survivors (15360K)
 Metaspace       used 422549K, capacity 430013K, committed 430336K, reserved 1439744K
  class space    used 47663K, capacity 50313K, committed 50432K, reserved 1048576K
}

